Jun 29 09:32:36 ZL-F0G7W47MFQ com.apple.dt.xcodebuild[87798] <Error>: Unable to deliver request ({
	    "developer_dir" = "/Applications/Xcode.app/Contents/Developer";
	    request = "set_developer_dir";
	}) because we are not connected to CoreSimulatorService.
Jun 29 09:32:36 ZL-F0G7W47MFQ com.apple.dt.xcodebuild[87798] <Warning>: Unable to discover any Simulator runtimes. Developer Directory is /Applications/Xcode.app/Contents/Developer.
Jun 29 09:32:36 ZL-F0G7W47MFQ com.apple.dt.xcodebuild[87798] <Error>: Could not kickstart simdiskimaged; SimDiskImageManager services will not be available: Error Domain=NSPOSIXErrorDomain Code=53 "Software caused connection abort" UserInfo={NSLocalizedDescription=Error returned in reply from CoreSimulatorService: Connection invalid}
Jun 29 09:32:36 ZL-F0G7W47MFQ com.apple.dt.xcodebuild[87798] <Error>: simdiskimaged returned error (invalid), marking disconnected.
Jun 29 09:32:36 ZL-F0G7W47MFQ com.apple.dt.xcodebuild[87798] <Error>: simdiskimaged returned error (invalid), marking disconnected.
Jun 29 09:32:36 ZL-F0G7W47MFQ com.apple.dt.xcodebuild[87798] <Error>: Could not get list of trusted mount directories: Error Domain=com.apple.CoreSimulator.SimError Code=410 "The service used to manage runtime disk images (simdiskimaged) crashed or is not responding" UserInfo={NSLocalizedDescription=The service used to manage runtime disk images (simdiskimaged) crashed or is not responding}
Jun 29 09:32:36 ZL-F0G7W47MFQ com.apple.dt.xcodebuild[87798] <Error>: Unable to deliver request ({
	    request = "notification_subscription";
	    "set_path" = "/Users/zermelo/Library/Developer/CoreSimulator/Devices";
	}) because we are not connected to CoreSimulatorService.
Jun 29 09:32:36 ZL-F0G7W47MFQ com.apple.dt.xcodebuild[87798] <Error>: Unable to deliver request ({
	    request = "notification_subscription";
	    "set_path" = "/Users/zermelo/Library/Developer/CoreSimulator/Devices";
	}) because we are not connected to CoreSimulatorService.
Jun 29 09:32:37 ZL-F0G7W47MFQ com.apple.dt.xcodebuild[87842] <Error>: Unable to deliver request ({
	    "developer_dir" = "/Applications/Xcode.app/Contents/Developer";
	    request = "set_developer_dir";
	}) because we are not connected to CoreSimulatorService.
Jun 29 09:32:37 ZL-F0G7W47MFQ com.apple.dt.xcodebuild[87842] <Warning>: Unable to discover any Simulator runtimes. Developer Directory is /Applications/Xcode.app/Contents/Developer.
Jun 29 09:32:37 ZL-F0G7W47MFQ com.apple.dt.xcodebuild[87842] <Error>: Could not kickstart simdiskimaged; SimDiskImageManager services will not be available: Error Domain=NSPOSIXErrorDomain Code=53 "Software caused connection abort" UserInfo={NSLocalizedDescription=Error returned in reply from CoreSimulatorService: Connection invalid}
Jun 29 09:32:37 ZL-F0G7W47MFQ com.apple.dt.xcodebuild[87842] <Error>: simdiskimaged connection is currently unavailable because connection became invalid
Jun 29 09:32:37 ZL-F0G7W47MFQ com.apple.dt.xcodebuild[87842] <Error>: simdiskimaged returned error (invalid), marking disconnected.
Jun 29 09:32:37 ZL-F0G7W47MFQ com.apple.dt.xcodebuild[87842] <Error>: Could not get list of trusted mount directories: Error Domain=com.apple.CoreSimulator.SimError Code=409 "Cannot talk to the service used to manage runtime disk images (simdiskimaged) because its launchd job is not registered or was unloaded" UserInfo={NSLocalizedDescription=Cannot talk to the service used to manage runtime disk images (simdiskimaged) because its launchd job is not registered or was unloaded}
Jun 29 09:32:37 ZL-F0G7W47MFQ com.apple.dt.xcodebuild[87842] <Error>: Unable to deliver request ({
	    request = "notification_subscription";
	    "set_path" = "/Users/zermelo/Library/Developer/CoreSimulator/Devices";
	}) because we are not connected to CoreSimulatorService.
Jun 29 09:32:37 ZL-F0G7W47MFQ com.apple.dt.xcodebuild[87842] <Error>: Unable to deliver request ({
	    request = "notification_subscription";
	    "set_path" = "/Users/zermelo/Library/Developer/CoreSimulator/Devices";
	}) because we are not connected to CoreSimulatorService.
Jun 29 09:32:37 ZL-F0G7W47MFQ com.apple.dt.xcodebuild[88000] <Error>: Unable to deliver request ({
	    "developer_dir" = "/Applications/Xcode.app/Contents/Developer";
	    request = "set_developer_dir";
	}) because we are not connected to CoreSimulatorService.
Jun 29 09:32:38 ZL-F0G7W47MFQ com.apple.dt.xcodebuild[88000] <Warning>: Unable to discover any Simulator runtimes. Developer Directory is /Applications/Xcode.app/Contents/Developer.
Jun 29 09:32:38 ZL-F0G7W47MFQ com.apple.dt.xcodebuild[88000] <Error>: Could not kickstart simdiskimaged; SimDiskImageManager services will not be available: Error Domain=NSPOSIXErrorDomain Code=53 "Software caused connection abort" UserInfo={NSLocalizedDescription=Error returned in reply from CoreSimulatorService: Connection invalid}
Jun 29 09:32:38 ZL-F0G7W47MFQ com.apple.dt.xcodebuild[88000] <Error>: simdiskimaged returned error (invalid), marking disconnected.
Jun 29 09:32:38 ZL-F0G7W47MFQ com.apple.dt.xcodebuild[88000] <Error>: Could not get list of trusted mount directories: Error Domain=com.apple.CoreSimulator.SimError Code=410 "The service used to manage runtime disk images (simdiskimaged) crashed or is not responding" UserInfo={NSLocalizedDescription=The service used to manage runtime disk images (simdiskimaged) crashed or is not responding}
Jun 29 09:32:38 ZL-F0G7W47MFQ com.apple.dt.xcodebuild[88000] <Error>: Unable to deliver request ({
	    request = "notification_subscription";
	    "set_path" = "/Users/zermelo/Library/Developer/CoreSimulator/Devices";
	}) because we are not connected to CoreSimulatorService.
Jun 29 09:32:38 ZL-F0G7W47MFQ com.apple.dt.xcodebuild[88000] <Error>: simdiskimaged returned error (invalid), marking disconnected.
Jun 29 09:32:38 ZL-F0G7W47MFQ com.apple.dt.xcodebuild[88000] <Error>: Unable to deliver request ({
	    request = "notification_subscription";
	    "set_path" = "/Users/zermelo/Library/Developer/CoreSimulator/Devices";
	}) because we are not connected to CoreSimulatorService.
Jun 29 09:32:38 ZL-F0G7W47MFQ com.apple.dt.xcodebuild[88157] <Error>: Unable to deliver request ({
	    "developer_dir" = "/Applications/Xcode.app/Contents/Developer";
	    request = "set_developer_dir";
	}) because we are not connected to CoreSimulatorService.
Jun 29 09:32:38 ZL-F0G7W47MFQ com.apple.dt.xcodebuild[88157] <Warning>: Unable to discover any Simulator runtimes. Developer Directory is /Applications/Xcode.app/Contents/Developer.
Jun 29 09:32:38 ZL-F0G7W47MFQ com.apple.dt.xcodebuild[88157] <Error>: Could not kickstart simdiskimaged; SimDiskImageManager services will not be available: Error Domain=NSPOSIXErrorDomain Code=53 "Software caused connection abort" UserInfo={NSLocalizedDescription=Error returned in reply from CoreSimulatorService: Connection invalid}
Jun 29 09:32:38 ZL-F0G7W47MFQ com.apple.dt.xcodebuild[88157] <Error>: simdiskimaged connection is currently unavailable because connection became invalid
Jun 29 09:32:38 ZL-F0G7W47MFQ com.apple.dt.xcodebuild[88157] <Error>: simdiskimaged returned error (invalid), marking disconnected.
Jun 29 09:32:38 ZL-F0G7W47MFQ com.apple.dt.xcodebuild[88157] <Error>: Could not get list of trusted mount directories: Error Domain=com.apple.CoreSimulator.SimError Code=409 "Cannot talk to the service used to manage runtime disk images (simdiskimaged) because its launchd job is not registered or was unloaded" UserInfo={NSLocalizedDescription=Cannot talk to the service used to manage runtime disk images (simdiskimaged) because its launchd job is not registered or was unloaded}
Jun 29 09:32:38 ZL-F0G7W47MFQ com.apple.dt.xcodebuild[88157] <Error>: Unable to deliver request ({
	    request = "notification_subscription";
	    "set_path" = "/Users/zermelo/Library/Developer/CoreSimulator/Devices";
	}) because we are not connected to CoreSimulatorService.
Jun 29 09:32:38 ZL-F0G7W47MFQ com.apple.dt.xcodebuild[88157] <Error>: Unable to deliver request ({
	    request = "notification_subscription";
	    "set_path" = "/Users/zermelo/Library/Developer/CoreSimulator/Devices";
	}) because we are not connected to CoreSimulatorService.
