Jun 29 20:01:32 Mac com.apple.dt.xcodebuild[33200] <Error>: Unable to deliver request ({
	    "developer_dir" = "/Applications/Xcode.app/Contents/Developer";
	    request = "set_developer_dir";
	}) because we are not connected to CoreSimulatorService.
Jun 29 20:01:32 Mac com.apple.dt.xcodebuild[33200] <Warning>: Unable to discover any Simulator runtimes. Developer Directory is /Applications/Xcode.app/Contents/Developer.
Jun 29 20:01:32 Mac com.apple.dt.xcodebuild[33200] <Error>: Could not kickstart simdiskimaged; SimDiskImageManager services will not be available: Error Domain=NSPOSIXErrorDomain Code=53 "Software caused connection abort" UserInfo={NSLocalizedDescription=Error returned in reply from CoreSimulatorService: Connection invalid}
Jun 29 20:01:32 Mac com.apple.dt.xcodebuild[33200] <Error>: Could not get list of trusted mount directories: Error Domain=com.apple.CoreSimulator.SimError Code=410 "The service used to manage runtime disk images (simdiskimaged) crashed or is not responding" UserInfo={NSLocalizedDescription=The service used to manage runtime disk images (simdiskimaged) crashed or is not responding}
Jun 29 20:01:32 Mac com.apple.dt.xcodebuild[33200] <Error>: simdiskimaged returned error (invalid), marking disconnected.
Jun 29 20:01:32 Mac com.apple.dt.xcodebuild[33200] <Error>: Unable to deliver request ({
	    request = "notification_subscription";
	    "set_path" = "/Users/zermelo/Library/Developer/CoreSimulator/Devices";
	}) because we are not connected to CoreSimulatorService.
Jun 29 20:01:32 Mac com.apple.dt.xcodebuild[33200] <Error>: simdiskimaged returned error (invalid), marking disconnected.
Jun 29 20:01:32 Mac com.apple.dt.xcodebuild[33200] <Error>: Unable to deliver request ({
	    request = "notification_subscription";
	    "set_path" = "/Users/zermelo/Library/Developer/CoreSimulator/Devices";
	}) because we are not connected to CoreSimulatorService.
Jun 29 20:01:32 Mac com.apple.dt.xcodebuild[33283] <Error>: Unable to deliver request ({
	    "developer_dir" = "/Applications/Xcode.app/Contents/Developer";
	    request = "set_developer_dir";
	}) because we are not connected to CoreSimulatorService.
Jun 29 20:01:33 Mac com.apple.dt.xcodebuild[33283] <Warning>: Unable to discover any Simulator runtimes. Developer Directory is /Applications/Xcode.app/Contents/Developer.
Jun 29 20:01:33 Mac com.apple.dt.xcodebuild[33283] <Error>: Could not get list of trusted mount directories: Error Domain=com.apple.CoreSimulator.SimError Code=410 "The service used to manage runtime disk images (simdiskimaged) crashed or is not responding" UserInfo={NSLocalizedDescription=The service used to manage runtime disk images (simdiskimaged) crashed or is not responding}
Jun 29 20:01:33 Mac com.apple.dt.xcodebuild[33283] <Error>: Could not kickstart simdiskimaged; SimDiskImageManager services will not be available: Error Domain=NSPOSIXErrorDomain Code=53 "Software caused connection abort" UserInfo={NSLocalizedDescription=Error returned in reply from CoreSimulatorService: Connection invalid}
Jun 29 20:01:33 Mac com.apple.dt.xcodebuild[33283] <Error>: Unable to deliver request ({
	    request = "notification_subscription";
	    "set_path" = "/Users/zermelo/Library/Developer/CoreSimulator/Devices";
	}) because we are not connected to CoreSimulatorService.
Jun 29 20:01:33 Mac com.apple.dt.xcodebuild[33283] <Error>: simdiskimaged returned error (invalid), marking disconnected.
Jun 29 20:01:33 Mac com.apple.dt.xcodebuild[33283] <Error>: simdiskimaged returned error (invalid), marking disconnected.
Jun 29 20:01:33 Mac com.apple.dt.xcodebuild[33283] <Error>: Unable to deliver request ({
	    request = "notification_subscription";
	    "set_path" = "/Users/zermelo/Library/Developer/CoreSimulator/Devices";
	}) because we are not connected to CoreSimulatorService.
Jun 29 20:01:33 Mac com.apple.dt.xcodebuild[33457] <Error>: Unable to deliver request ({
	    "developer_dir" = "/Applications/Xcode.app/Contents/Developer";
	    request = "set_developer_dir";
	}) because we are not connected to CoreSimulatorService.
Jun 29 20:01:33 Mac com.apple.dt.xcodebuild[33457] <Warning>: Unable to discover any Simulator runtimes. Developer Directory is /Applications/Xcode.app/Contents/Developer.
Jun 29 20:01:33 Mac com.apple.dt.xcodebuild[33457] <Error>: simdiskimaged returned error (invalid), marking disconnected.
Jun 29 20:01:33 Mac com.apple.dt.xcodebuild[33457] <Error>: Could not get list of trusted mount directories: Error Domain=com.apple.CoreSimulator.SimError Code=410 "The service used to manage runtime disk images (simdiskimaged) crashed or is not responding" UserInfo={NSLocalizedDescription=The service used to manage runtime disk images (simdiskimaged) crashed or is not responding}
Jun 29 20:01:33 Mac com.apple.dt.xcodebuild[33457] <Error>: Could not kickstart simdiskimaged; SimDiskImageManager services will not be available: Error Domain=NSPOSIXErrorDomain Code=53 "Software caused connection abort" UserInfo={NSLocalizedDescription=Error returned in reply from CoreSimulatorService: Connection invalid}
Jun 29 20:01:33 Mac com.apple.dt.xcodebuild[33457] <Error>: simdiskimaged returned error (invalid), marking disconnected.
Jun 29 20:01:33 Mac com.apple.dt.xcodebuild[33457] <Error>: Unable to deliver request ({
	    request = "notification_subscription";
	    "set_path" = "/Users/zermelo/Library/Developer/CoreSimulator/Devices";
	}) because we are not connected to CoreSimulatorService.
Jun 29 20:01:33 Mac com.apple.dt.xcodebuild[33457] <Error>: Unable to deliver request ({
	    request = "notification_subscription";
	    "set_path" = "/Users/zermelo/Library/Developer/CoreSimulator/Devices";
	}) because we are not connected to CoreSimulatorService.
Jun 29 20:01:34 Mac com.apple.dt.xcodebuild[33553] <Error>: Unable to deliver request ({
	    "developer_dir" = "/Applications/Xcode.app/Contents/Developer";
	    request = "set_developer_dir";
	}) because we are not connected to CoreSimulatorService.
Jun 29 20:01:34 Mac com.apple.dt.xcodebuild[33553] <Warning>: Unable to discover any Simulator runtimes. Developer Directory is /Applications/Xcode.app/Contents/Developer.
Jun 29 20:01:34 Mac com.apple.dt.xcodebuild[33553] <Error>: Could not kickstart simdiskimaged; SimDiskImageManager services will not be available: Error Domain=NSPOSIXErrorDomain Code=53 "Software caused connection abort" UserInfo={NSLocalizedDescription=Error returned in reply from CoreSimulatorService: Connection invalid}
Jun 29 20:01:34 Mac com.apple.dt.xcodebuild[33553] <Error>: simdiskimaged returned error (invalid), marking disconnected.
Jun 29 20:01:34 Mac com.apple.dt.xcodebuild[33553] <Error>: simdiskimaged returned error (invalid), marking disconnected.
Jun 29 20:01:34 Mac com.apple.dt.xcodebuild[33553] <Error>: Could not get list of trusted mount directories: Error Domain=com.apple.CoreSimulator.SimError Code=410 "The service used to manage runtime disk images (simdiskimaged) crashed or is not responding" UserInfo={NSLocalizedDescription=The service used to manage runtime disk images (simdiskimaged) crashed or is not responding}
Jun 29 20:01:34 Mac com.apple.dt.xcodebuild[33553] <Error>: Unable to deliver request ({
	    request = "notification_subscription";
	    "set_path" = "/Users/zermelo/Library/Developer/CoreSimulator/Devices";
	}) because we are not connected to CoreSimulatorService.
Jun 29 20:01:34 Mac com.apple.dt.xcodebuild[33553] <Error>: Unable to deliver request ({
	    request = "notification_subscription";
	    "set_path" = "/Users/zermelo/Library/Developer/CoreSimulator/Devices";
	}) because we are not connected to CoreSimulatorService.
Jun 29 20:01:51 Mac com.apple.dt.xcodebuild[34377] <Error>: Unable to deliver request ({
	    "developer_dir" = "/Applications/Xcode.app/Contents/Developer";
	    request = "set_developer_dir";
	}) because we are not connected to CoreSimulatorService.
Jun 29 20:01:51 Mac com.apple.dt.xcodebuild[34377] <Warning>: Unable to discover any Simulator runtimes. Developer Directory is /Applications/Xcode.app/Contents/Developer.
Jun 29 20:01:51 Mac com.apple.dt.xcodebuild[34377] <Error>: Could not kickstart simdiskimaged; SimDiskImageManager services will not be available: Error Domain=NSPOSIXErrorDomain Code=53 "Software caused connection abort" UserInfo={NSLocalizedDescription=Error returned in reply from CoreSimulatorService: Connection invalid}
Jun 29 20:01:51 Mac com.apple.dt.xcodebuild[34377] <Error>: simdiskimaged returned error (invalid), marking disconnected.
Jun 29 20:01:51 Mac com.apple.dt.xcodebuild[34377] <Error>: simdiskimaged returned error (invalid), marking disconnected.
Jun 29 20:01:51 Mac com.apple.dt.xcodebuild[34377] <Error>: Could not get list of trusted mount directories: Error Domain=com.apple.CoreSimulator.SimError Code=410 "The service used to manage runtime disk images (simdiskimaged) crashed or is not responding" UserInfo={NSLocalizedDescription=The service used to manage runtime disk images (simdiskimaged) crashed or is not responding}
Jun 29 20:01:51 Mac com.apple.dt.xcodebuild[34377] <Error>: Unable to deliver request ({
	    request = "notification_subscription";
	    "set_path" = "/Users/zermelo/Library/Developer/CoreSimulator/Devices";
	}) because we are not connected to CoreSimulatorService.
Jun 29 20:01:51 Mac com.apple.dt.xcodebuild[34377] <Error>: Unable to deliver request ({
	    request = "notification_subscription";
	    "set_path" = "/Users/zermelo/Library/Developer/CoreSimulator/Devices";
	}) because we are not connected to CoreSimulatorService.
Jun 29 20:01:52 Mac com.apple.dt.xcodebuild[34428] <Error>: Unable to deliver request ({
	    "developer_dir" = "/Applications/Xcode.app/Contents/Developer";
	    request = "set_developer_dir";
	}) because we are not connected to CoreSimulatorService.
Jun 29 20:01:52 Mac com.apple.dt.xcodebuild[34428] <Warning>: Unable to discover any Simulator runtimes. Developer Directory is /Applications/Xcode.app/Contents/Developer.
Jun 29 20:01:52 Mac com.apple.dt.xcodebuild[34428] <Error>: Could not kickstart simdiskimaged; SimDiskImageManager services will not be available: Error Domain=NSPOSIXErrorDomain Code=53 "Software caused connection abort" UserInfo={NSLocalizedDescription=Error returned in reply from CoreSimulatorService: Connection invalid}
Jun 29 20:01:52 Mac com.apple.dt.xcodebuild[34428] <Error>: Could not get list of trusted mount directories: Error Domain=com.apple.CoreSimulator.SimError Code=410 "The service used to manage runtime disk images (simdiskimaged) crashed or is not responding" UserInfo={NSLocalizedDescription=The service used to manage runtime disk images (simdiskimaged) crashed or is not responding}
Jun 29 20:01:52 Mac com.apple.dt.xcodebuild[34428] <Error>: simdiskimaged returned error (invalid), marking disconnected.
Jun 29 20:01:52 Mac com.apple.dt.xcodebuild[34428] <Error>: simdiskimaged returned error (invalid), marking disconnected.
Jun 29 20:01:52 Mac com.apple.dt.xcodebuild[34428] <Error>: Unable to deliver request ({
	    request = "notification_subscription";
	    "set_path" = "/Users/zermelo/Library/Developer/CoreSimulator/Devices";
	}) because we are not connected to CoreSimulatorService.
Jun 29 20:01:52 Mac com.apple.dt.xcodebuild[34428] <Error>: Unable to deliver request ({
	    request = "notification_subscription";
	    "set_path" = "/Users/zermelo/Library/Developer/CoreSimulator/Devices";
	}) because we are not connected to CoreSimulatorService.
Jun 29 20:01:53 Mac com.apple.dt.xcodebuild[34482] <Error>: Unable to deliver request ({
	    "developer_dir" = "/Applications/Xcode.app/Contents/Developer";
	    request = "set_developer_dir";
	}) because we are not connected to CoreSimulatorService.
Jun 29 20:01:53 Mac com.apple.dt.xcodebuild[34482] <Warning>: Unable to discover any Simulator runtimes. Developer Directory is /Applications/Xcode.app/Contents/Developer.
Jun 29 20:01:53 Mac com.apple.dt.xcodebuild[34482] <Error>: Could not kickstart simdiskimaged; SimDiskImageManager services will not be available: Error Domain=NSPOSIXErrorDomain Code=53 "Software caused connection abort" UserInfo={NSLocalizedDescription=Error returned in reply from CoreSimulatorService: Connection invalid}
Jun 29 20:01:53 Mac com.apple.dt.xcodebuild[34482] <Error>: Could not get list of trusted mount directories: Error Domain=com.apple.CoreSimulator.SimError Code=410 "The service used to manage runtime disk images (simdiskimaged) crashed or is not responding" UserInfo={NSLocalizedDescription=The service used to manage runtime disk images (simdiskimaged) crashed or is not responding}
Jun 29 20:01:53 Mac com.apple.dt.xcodebuild[34482] <Error>: simdiskimaged returned error (invalid), marking disconnected.
Jun 29 20:01:53 Mac com.apple.dt.xcodebuild[34482] <Error>: simdiskimaged returned error (invalid), marking disconnected.
Jun 29 20:01:53 Mac com.apple.dt.xcodebuild[34482] <Error>: Unable to deliver request ({
	    request = "notification_subscription";
	    "set_path" = "/Users/zermelo/Library/Developer/CoreSimulator/Devices";
	}) because we are not connected to CoreSimulatorService.
Jun 29 20:01:53 Mac com.apple.dt.xcodebuild[34482] <Error>: Unable to deliver request ({
	    request = "notification_subscription";
	    "set_path" = "/Users/zermelo/Library/Developer/CoreSimulator/Devices";
	}) because we are not connected to CoreSimulatorService.
Jun 29 20:01:54 Mac com.apple.dt.xcodebuild[34518] <Error>: Unable to deliver request ({
	    "developer_dir" = "/Applications/Xcode.app/Contents/Developer";
	    request = "set_developer_dir";
	}) because we are not connected to CoreSimulatorService.
Jun 29 20:01:54 Mac com.apple.dt.xcodebuild[34518] <Warning>: Unable to discover any Simulator runtimes. Developer Directory is /Applications/Xcode.app/Contents/Developer.
Jun 29 20:01:54 Mac com.apple.dt.xcodebuild[34518] <Error>: Could not kickstart simdiskimaged; SimDiskImageManager services will not be available: Error Domain=NSPOSIXErrorDomain Code=53 "Software caused connection abort" UserInfo={NSLocalizedDescription=Error returned in reply from CoreSimulatorService: Connection invalid}
Jun 29 20:01:54 Mac com.apple.dt.xcodebuild[34518] <Error>: simdiskimaged returned error (invalid), marking disconnected.
Jun 29 20:01:54 Mac com.apple.dt.xcodebuild[34518] <Error>: simdiskimaged returned error (invalid), marking disconnected.
Jun 29 20:01:54 Mac com.apple.dt.xcodebuild[34518] <Error>: Unable to deliver request ({
	    request = "notification_subscription";
	    "set_path" = "/Users/zermelo/Library/Developer/CoreSimulator/Devices";
	}) because we are not connected to CoreSimulatorService.
Jun 29 20:01:54 Mac com.apple.dt.xcodebuild[34518] <Error>: Could not get list of trusted mount directories: Error Domain=com.apple.CoreSimulator.SimError Code=410 "The service used to manage runtime disk images (simdiskimaged) crashed or is not responding" UserInfo={NSLocalizedDescription=The service used to manage runtime disk images (simdiskimaged) crashed or is not responding}
Jun 29 20:01:54 Mac com.apple.dt.xcodebuild[34518] <Error>: Unable to deliver request ({
	    request = "notification_subscription";
	    "set_path" = "/Users/zermelo/Library/Developer/CoreSimulator/Devices";
	}) because we are not connected to CoreSimulatorService.
